[33m[nodemon] 1.17.4[39m
[33m[nodemon] to restart at any time, enter `rs`[39m
[33m[nodemon] watching: *.*[39m
[32m[nodemon] starting `node server.js`[39m
Node app start at port 9093
mongo connect success
{ n: 1, nModified: 0, ok: 1 }
[33m[nodemon] 1.17.4[39m
[33m[nodemon] to restart at any time, enter `rs`[39m
[33m[nodemon] watching: *.*[39m
[32m[nodemon] starting `node server.js`[39m
Node app start at port 9093
mongo connect success
{ n: 1, nModified: 0, ok: 1 }
Node app start at port 9093
mongo connect success
{ n: 1, nModified: 0, ok: 1 }
Node app start at port 9093
mongo connect success
{ n: 1, nModified: 0, ok: 1 }
